<?xml version="1.0" encoding="UTF-8"?>
<!-- Generated by org.testng.reporters.JUnitXMLReporter -->
<testsuite ignored="1" hostname="LAPTOP-4NVF0J5C" failures="0" tests="9" name="Test22" time="13.736" errors="0" timestamp="2022-02-18T22:54:26 IST">
  <testcase classname="testClasses.test" name="LoginTitleVerify" time="0.975"/>
  <testcase classname="testClasses.HeaderTest" name="TitleTaskPage" time="1.536"/>
  <testcase classname="testClasses.test" name="VerifyTimeTrackPage" time="0.551"/>
  <testcase classname="testClasses.HeaderTest" name="URLTaskButten" time="0.749"/>
  <testcase classname="testClasses.test" name="VerifytitleTaskPage" time="1.077"/>
  <testcase classname="testClasses.HeaderTest" name="VerifyTimeTrackPage" time="0.659"/>
  <testcase classname="testClasses.test" name="Timeout0" time="1.012"/>
  <testcase classname="testClasses.HeaderTest" name="verifyUrlUsagerPage" time="0.764"/>
  <testcase classname="testClasses.HeaderTest" name="Timeout" time="1.015"/>
  <testcase classname="testClasses.test" name="VerifyLoginButtenText" time="0.0">
    <ignored/>
  </testcase> <!-- VerifyLoginButtenText -->
</testsuite> <!-- Test22 -->
