<?xml version="1.0" encoding="UTF-8"?>
<!-- Generated by org.testng.reporters.JUnitXMLReporter -->
<testsuite ignored="1" hostname="LAPTOP-4NVF0J5C" failures="0" tests="9" name="Test12" time="14.328" errors="0" timestamp="2022-02-18T22:54:12 IST">
  <testcase classname="testClasses.HeaderTest" name="TitleTaskPage" time="3.519"/>
  <testcase classname="testClasses.test" name="LoginTitleVerify" time="3.581"/>
  <testcase classname="testClasses.test" name="VerifyTimeTrackPage" time="0.404"/>
  <testcase classname="testClasses.HeaderTest" name="URLTaskButten" time="0.517"/>
  <testcase classname="testClasses.HeaderTest" name="VerifyTimeTrackPage" time="0.476"/>
  <testcase classname="testClasses.test" name="VerifytitleTaskPage" time="0.718"/>
  <testcase classname="testClasses.HeaderTest" name="verifyUrlUsagerPage" time="0.857"/>
  <testcase classname="testClasses.test" name="Timeout0" time="1.011"/>
  <testcase classname="testClasses.HeaderTest" name="Timeout" time="1.008"/>
  <testcase classname="testClasses.test" name="VerifyLoginButtenText" time="0.0">
    <ignored/>
  </testcase> <!-- VerifyLoginButtenText -->
</testsuite> <!-- Test12 -->
